<?xml version="1.0" encoding="UTF-8"?>
<testsuite name="org.example.pl0.TestLexer" tests="1" skipped="0" failures="0" errors="0" timestamp="2021-07-14T00:20:17" hostname="keishis-iMac.local" time="82.335">
  <properties/>
  <testcase name="testConstDecl" classname="org.example.pl0.TestLexer" time="82.335"/>
  <system-out><![CDATA[]]></system-out>
  <system-err><![CDATA[]]></system-err>
</testsuite>
