<?xml version="1.0" encoding="UTF-8"?>
<testsuite name="org.example.pl0.TestLexer" tests="1" skipped="0" failures="0" errors="0" timestamp="2020-05-27T17:48:06" hostname="keishis-iMac.local" time="0.03">
  <properties/>
  <testcase name="testConstDecl" classname="org.example.pl0.TestLexer" time="0.03"/>
  <system-out><![CDATA[]]></system-out>
  <system-err><![CDATA[]]></system-err>
</testsuite>
